This is pdfTeX, Version 3.14159265-2.6-1.40.19 (TeX Live 2018/Arch Linux) (preloaded format=pdflatex 2019.1.14)  14 JAN 2019 14:20
entering extended mode
 restricted \write18 enabled.
 %&-line parsing enabled.
**srs.tex
(./srs.tex
LaTeX2e <2018-04-01> patch level 5
(/usr/share/texmf-dist/tex/latex/extsizes/extarticle.cls
Document Class: extarticle 1996/10/08 v1.0 Non Standard LaTeX document class
(/usr/share/texmf-dist/tex/latex/base/size12.clo
File: size12.clo 2014/09/29 v1.4h Standard LaTeX file (size option)
)
(/usr/share/texmf-dist/tex/latex/base/exscale.sty
Package: exscale 2014/09/29 v2.1h Standard LaTeX package exscale
LaTeX Font Info:    Redeclaring symbol font `largesymbols' on input line 57.
LaTeX Font Info:    Overwriting symbol font `largesymbols' in version `normal'
(Font)                  OMX/cmex/m/n --> OMX/cmex/m/n on input line 57.
LaTeX Font Info:    Overwriting symbol font `largesymbols' in version `bold'
(Font)                  OMX/cmex/m/n --> OMX/cmex/m/n on input line 57.
\big@size=\dimen102
)
\c@part=\count80
\c@section=\count81
\c@subsection=\count82
\c@subsubsection=\count83
\c@paragraph=\count84
\c@subparagraph=\count85
\c@figure=\count86
\c@table=\count87
\abovecaptionskip=\skip41
\belowcaptionskip=\skip42
\bibindent=\dimen103
)
(/usr/share/texmf-dist/tex/latex/listings/listings.sty
(/usr/share/texmf-dist/tex/latex/graphics/keyval.sty
Package: keyval 2014/10/28 v1.15 key=value parser (DPC)
\KV@toks@=\toks14
)
\lst@mode=\count88
\lst@gtempboxa=\box26
\lst@token=\toks15
\lst@length=\count89
\lst@currlwidth=\dimen104
\lst@column=\count90
\lst@pos=\count91
\lst@lostspace=\dimen105
\lst@width=\dimen106
\lst@newlines=\count92
\lst@lineno=\count93
\lst@maxwidth=\dimen107

(/usr/share/texmf-dist/tex/latex/listings/lstmisc.sty
File: lstmisc.sty 2018/09/02 1.7 (Carsten Heinz)
\c@lstnumber=\count94
\lst@skipnumbers=\count95
\lst@framebox=\box27
)
(/usr/share/texmf-dist/tex/latex/listings/listings.cfg
File: listings.cfg 2018/09/02 1.7 listings configuration
))
Package: listings 2018/09/02 1.7 (Carsten Heinz)

(/usr/share/texmf-dist/tex/latex/amsmath/amsmath.sty
Package: amsmath 2017/09/02 v2.17a AMS math features
\@mathmargin=\skip43

For additional information on amsmath, use the `?' option.
(/usr/share/texmf-dist/tex/latex/amsmath/amstext.sty
Package: amstext 2000/06/29 v2.01 AMS text

(/usr/share/texmf-dist/tex/latex/amsmath/amsgen.sty
File: amsgen.sty 1999/11/30 v2.0 generic functions
\@emptytoks=\toks16
\ex@=\dimen108
))
(/usr/share/texmf-dist/tex/latex/amsmath/amsbsy.sty
Package: amsbsy 1999/11/29 v1.2d Bold Symbols
\pmbraise@=\dimen109
)
(/usr/share/texmf-dist/tex/latex/amsmath/amsopn.sty
Package: amsopn 2016/03/08 v2.02 operator names
)
\inf@bad=\count96
LaTeX Info: Redefining \frac on input line 213.
\uproot@=\count97
\leftroot@=\count98
LaTeX Info: Redefining \overline on input line 375.
\classnum@=\count99
\DOTSCASE@=\count100
LaTeX Info: Redefining \ldots on input line 472.
LaTeX Info: Redefining \dots on input line 475.
LaTeX Info: Redefining \cdots on input line 596.
\Mathstrutbox@=\box28
\strutbox@=\box29
\big@size=\dimen110
LaTeX Font Info:    Redeclaring font encoding OML on input line 712.
LaTeX Font Info:    Redeclaring font encoding OMS on input line 713.
\macc@depth=\count101
\c@MaxMatrixCols=\count102
\dotsspace@=\muskip10
\c@parentequation=\count103
\dspbrk@lvl=\count104
\tag@help=\toks17
\row@=\count105
\column@=\count106
\maxfields@=\count107
\andhelp@=\toks18
\eqnshift@=\dimen111
\alignsep@=\dimen112
\tagshift@=\dimen113
\tagwidth@=\dimen114
\totwidth@=\dimen115
\lineht@=\dimen116
\@envbody=\toks19
\multlinegap=\skip44
\multlinetaggap=\skip45
\mathdisplay@stack=\toks20
LaTeX Info: Redefining \[ on input line 2817.
LaTeX Info: Redefining \] on input line 2818.
)
(/usr/share/texmf-dist/tex/latex/psnfss/courier.sty
Package: courier 2005/04/12 PSNFSS-v9.2a (WaS) 
)
(/usr/share/texmf-dist/tex/latex/pdfpages/pdfpages.sty
Package: pdfpages 2017/10/31 v0.5l Insert pages of external PDF documents (AM)

(/usr/share/texmf-dist/tex/latex/base/ifthen.sty
Package: ifthen 2014/09/29 v1.1c Standard LaTeX ifthen package (DPC)
)
(/usr/share/texmf-dist/tex/latex/tools/calc.sty
Package: calc 2017/05/25 v4.3 Infix arithmetic (KKT,FJ)
\calc@Acount=\count108
\calc@Bcount=\count109
\calc@Adimen=\dimen117
\calc@Bdimen=\dimen118
\calc@Askip=\skip46
\calc@Bskip=\skip47
LaTeX Info: Redefining \setlength on input line 80.
LaTeX Info: Redefining \addtolength on input line 81.
\calc@Ccount=\count110
\calc@Cskip=\skip48
)
(/usr/share/texmf-dist/tex/latex/eso-pic/eso-pic.sty
Package: eso-pic 2018/04/12 v2.0h eso-pic (RN)

(/usr/share/texmf-dist/tex/generic/oberdiek/atbegshi.sty
Package: atbegshi 2016/06/09 v1.18 At begin shipout hook (HO)

(/usr/share/texmf-dist/tex/generic/oberdiek/infwarerr.sty
Package: infwarerr 2016/05/16 v1.4 Providing info/warning/error messages (HO)
)
(/usr/share/texmf-dist/tex/generic/oberdiek/ltxcmds.sty
Package: ltxcmds 2016/05/16 v1.23 LaTeX kernel commands for general use (HO)
)
(/usr/share/texmf-dist/tex/generic/oberdiek/ifpdf.sty
Package: ifpdf 2018/09/07 v3.3 Provides the ifpdf switch
))
(/usr/share/texmf-dist/tex/latex/xcolor/xcolor.sty
Package: xcolor 2016/05/11 v2.12 LaTeX color extensions (UK)

(/usr/share/texmf-dist/tex/latex/graphics-cfg/color.cfg
File: color.cfg 2016/01/02 v1.6 sample color configuration
)
Package xcolor Info: Driver file: pdftex.def on input line 225.

(/usr/share/texmf-dist/tex/latex/graphics-def/pdftex.def
File: pdftex.def 2018/01/08 v1.0l Graphics/color driver for pdftex
)
Package xcolor Info: Model `cmy' substituted by `cmy0' on input line 1348.
Package xcolor Info: Model `hsb' substituted by `rgb' on input line 1352.
Package xcolor Info: Model `RGB' extended on input line 1364.
Package xcolor Info: Model `HTML' substituted by `rgb' on input line 1366.
Package xcolor Info: Model `Hsb' substituted by `hsb' on input line 1367.
Package xcolor Info: Model `tHsb' substituted by `hsb' on input line 1368.
Package xcolor Info: Model `HSB' substituted by `hsb' on input line 1369.
Package xcolor Info: Model `Gray' substituted by `gray' on input line 1370.
Package xcolor Info: Model `wave' substituted by `hsb' on input line 1371.
))
(/usr/share/texmf-dist/tex/latex/graphics/graphicx.sty
Package: graphicx 2017/06/01 v1.1a Enhanced LaTeX Graphics (DPC,SPQR)

(/usr/share/texmf-dist/tex/latex/graphics/graphics.sty
Package: graphics 2017/06/25 v1.2c Standard LaTeX Graphics (DPC,SPQR)

(/usr/share/texmf-dist/tex/latex/graphics/trig.sty
Package: trig 2016/01/03 v1.10 sin cos tan (DPC)
)
(/usr/share/texmf-dist/tex/latex/graphics-cfg/graphics.cfg
File: graphics.cfg 2016/06/04 v1.11 sample graphics configuration
)
Package graphics Info: Driver file: pdftex.def on input line 99.
)
\Gin@req@height=\dimen119
\Gin@req@width=\dimen120
)
\AM@pagewidth=\dimen121
\AM@pageheight=\dimen122

(/usr/share/texmf-dist/tex/latex/pdfpages/pppdftex.def
File: pppdftex.def 2017/10/31 v0.5l Pdfpages driver for pdfTeX (AM)
)
\AM@pagebox=\box30
\AM@global@opts=\toks21
\AM@toc@title=\toks22
\c@AM@survey=\count111
\AM@templatesizebox=\box31
)
(/usr/share/texmf-dist/tex/latex/tools/indentfirst.sty
Package: indentfirst 1995/11/23 v1.03 Indent first paragraph (DPC)
)
(/usr/share/texmf-dist/tex/latex/geometry/geometry.sty
Package: geometry 2018/04/16 v5.8 Page Geometry

(/usr/share/texmf-dist/tex/generic/oberdiek/ifvtex.sty
Package: ifvtex 2016/05/16 v1.6 Detect VTeX and its facilities (HO)
Package ifvtex Info: VTeX not detected.
)
(/usr/share/texmf-dist/tex/generic/ifxetex/ifxetex.sty
Package: ifxetex 2010/09/12 v0.6 Provides ifxetex conditional
)
\Gm@cnth=\count112
\Gm@cntv=\count113
\c@Gm@tempcnt=\count114
\Gm@bindingoffset=\dimen123
\Gm@wd@mp=\dimen124
\Gm@odd@mp=\dimen125
\Gm@even@mp=\dimen126
\Gm@layoutwidth=\dimen127
\Gm@layoutheight=\dimen128
\Gm@layouthoffset=\dimen129
\Gm@layoutvoffset=\dimen130
\Gm@dimlist=\toks23
) (./srs.aux)
\openout1 = `srs.aux'.

LaTeX Font Info:    Checking defaults for OML/cmm/m/it on input line 18.
LaTeX Font Info:    ... okay on input line 18.
LaTeX Font Info:    Checking defaults for T1/cmr/m/n on input line 18.
LaTeX Font Info:    ... okay on input line 18.
LaTeX Font Info:    Checking defaults for OT1/cmr/m/n on input line 18.
LaTeX Font Info:    ... okay on input line 18.
LaTeX Font Info:    Checking defaults for OMS/cmsy/m/n on input line 18.
LaTeX Font Info:    ... okay on input line 18.
LaTeX Font Info:    Checking defaults for OMX/cmex/m/n on input line 18.
LaTeX Font Info:    ... okay on input line 18.
LaTeX Font Info:    Checking defaults for U/cmr/m/n on input line 18.
LaTeX Font Info:    ... okay on input line 18.
\c@lstlisting=\count115
\AtBeginShipoutBox=\box32

(/usr/share/texmf-dist/tex/context/base/mkii/supp-pdf.mkii
[Loading MPS to PDF converter (version 2006.09.02).]
\scratchcounter=\count116
\scratchdimen=\dimen131
\scratchbox=\box33
\nofMPsegments=\count117
\nofMParguments=\count118
\everyMPshowfont=\toks24
\MPscratchCnt=\count119
\MPscratchDim=\dimen132
\MPnumerator=\count120
\makeMPintoPDFobject=\count121
\everyMPtoPDFconversion=\toks25
) (/usr/share/texmf-dist/tex/latex/oberdiek/epstopdf-base.sty
Package: epstopdf-base 2016/05/15 v2.6 Base part for package epstopdf

(/usr/share/texmf-dist/tex/latex/oberdiek/grfext.sty
Package: grfext 2016/05/16 v1.2 Manage graphics extensions (HO)

(/usr/share/texmf-dist/tex/generic/oberdiek/kvdefinekeys.sty
Package: kvdefinekeys 2016/05/16 v1.4 Define keys (HO)
))
(/usr/share/texmf-dist/tex/latex/oberdiek/kvoptions.sty
Package: kvoptions 2016/05/16 v3.12 Key value format for package options (HO)

(/usr/share/texmf-dist/tex/generic/oberdiek/kvsetkeys.sty
Package: kvsetkeys 2016/05/16 v1.17 Key value parser (HO)

(/usr/share/texmf-dist/tex/generic/oberdiek/etexcmds.sty
Package: etexcmds 2016/05/16 v1.6 Avoid name clashes with e-TeX commands (HO)

(/usr/share/texmf-dist/tex/generic/oberdiek/ifluatex.sty
Package: ifluatex 2016/05/16 v1.4 Provides the ifluatex switch (HO)
Package ifluatex Info: LuaTeX not detected.
)
Package etexcmds Info: Could not find \expanded.
(etexcmds)             That can mean that you are not using pdfTeX 1.50 or
(etexcmds)             that some package has redefined \expanded.
(etexcmds)             In the latter case, load this package earlier.
)))
(/usr/share/texmf-dist/tex/generic/oberdiek/pdftexcmds.sty
Package: pdftexcmds 2018/09/10 v0.29 Utility functions of pdfTeX for LuaTeX (HO
)
Package pdftexcmds Info: LuaTeX not detected.
Package pdftexcmds Info: \pdf@primitive is available.
Package pdftexcmds Info: \pdf@ifprimitive is available.
Package pdftexcmds Info: \pdfdraftmode found.
)
Package epstopdf-base Info: Redefining graphics rule for `.eps' on input line 4
38.
Package grfext Info: Graphics extension search list:
(grfext)             [.pdf,.png,.jpg,.mps,.jpeg,.jbig2,.jb2,.PDF,.PNG,.JPG,.JPE
G,.JBIG2,.JB2,.eps]
(grfext)             \AppendGraphicsExtensions on input line 456.

(/usr/share/texmf-dist/tex/latex/latexconfig/epstopdf-sys.cfg
File: epstopdf-sys.cfg 2010/07/13 v1.3 Configuration of (r)epstopdf for TeX Liv
e
))
(/usr/share/texmf-dist/tex/latex/oberdiek/pdflscape.sty
Package: pdflscape 2016/05/14 v0.11 Display of landscape pages in PDF (HO)

(/usr/share/texmf-dist/tex/latex/graphics/lscape.sty
Package: lscape 2000/10/22 v3.01 Landscape Pages (DPC)
)
Package pdflscape Info: Auto-detected driver: pdftex on input line 81.
)
*geometry* driver: auto-detecting
*geometry* detected driver: pdftex
*geometry* verbose mode - [ preamble ] result:
* driver: pdftex
* paper: a4paper
* layout: <same size as paper>
* layoutoffset:(h,v)=(0.0pt,0.0pt)
* modes: 
* h-part:(L,W,R)=(71.13188pt, 483.69684pt, 42.67915pt)
* v-part:(T,H,B)=(71.13188pt, 731.23582pt, 42.67914pt)
* \paperwidth=597.50787pt
* \paperheight=845.04684pt
* \textwidth=483.69684pt
* \textheight=731.23582pt
* \oddsidemargin=-1.1381pt
* \evensidemargin=-1.1381pt
* \topmargin=-38.1381pt
* \headheight=12.0pt
* \headsep=25.0pt
* \topskip=12.0pt
* \footskip=30.0pt
* \marginparwidth=44.0pt
* \marginparsep=10.0pt
* \columnsep=10.0pt
* \skip\footins=10.8pt plus 4.0pt minus 2.0pt
* \hoffset=0.0pt
* \voffset=0.0pt
* \mag=1000
* \@twocolumnfalse
* \@twosidefalse
* \@mparswitchfalse
* \@reversemarginfalse
* (1in=72.27pt=25.4mm, 1cm=28.453pt)

<ioe-logo.png, id=1, 40.953pt x 47.2164pt>
File: ioe-logo.png Graphic file (type png)
<use ioe-logo.png>
Package pdftex.def Info: ioe-logo.png  used on input line 41.
(pdftex.def)             Requested size: 81.90576pt x 94.43253pt.
[1

{/var/lib/texmf/fonts/map/pdftex/updmap/pdftex.map} <./ioe-logo.png>]
(./srs.toc)
\tf@toc=\write3
\openout3 = `srs.toc'.

 [2] [3]
Underfull \hbox (badness 10000) in paragraph at lines 65--70

 []

<funcreq.png, id=17, 710.655pt x 493.845pt>
File: funcreq.png Graphic file (type png)
<use funcreq.png>
Package pdftex.def Info: funcreq.png  used on input line 82.
(pdftex.def)             Requested size: 426.39629pt x 296.30928pt.
[4 <./funcreq.png>] [5]
<dfd0v2.png, id=25, 406.51875pt x 225.84375pt>
File: dfd0v2.png Graphic file (type png)
<use dfd0v2.png>
Package pdftex.def Info: dfd0v2.png  used on input line 129.
(pdftex.def)             Requested size: 406.51775pt x 225.84319pt.

Overfull \vbox (10.47644pt too high) has occurred while \output is active []


[6 <./dfd0v2.png>]
<dfd1v2.png, id=29, 527.571pt x 343.2825pt>
File: dfd1v2.png Graphic file (type png)
<use dfd1v2.png>
Package pdftex.def Info: dfd1v2.png  used on input line 132.
(pdftex.def)             Requested size: 527.56972pt x 343.28165pt.
 [7 <./dfd1v2.png>]
Underfull \hbox (badness 10000) in paragraph at lines 135--136

 []

<seq/erdv2.png, id=34, 374.1177pt x 141.6492pt>
File: seq/erdv2.png Graphic file (type png)
<use seq/erdv2.png>
Package pdftex.def Info: seq/erdv2.png  used on input line 137.
(pdftex.def)             Requested size: 374.11679pt x 141.64883pt.

Underfull \hbox (badness 10000) in paragraph at lines 137--138

 []

[8 <./seq/erdv2.png>]
<UCD.png, id=39, 754.82pt x 530.98375pt>
File: UCD.png Graphic file (type png)
<use UCD.png>
Package pdftex.def Info: UCD.png  used on input line 142.
(pdftex.def)             Requested size: 377.40909pt x 265.49121pt.
<uc/ffuc_diag.png, id=40, 613.29124pt x 262.9825pt>
File: uc/ffuc_diag.png Graphic file (type png)
<use uc/ffuc_diag.png>
Package pdftex.def Info: uc/ffuc_diag.png  used on input line 144.
(pdftex.def)             Requested size: 367.97757pt x 157.7907pt.
<uc/fillformusecase.png, id=41, 614.295pt x 368.37625pt>
File: uc/fillformusecase.png Graphic file (type png)
<use uc/fillformusecase.png>
Package pdftex.def Info: uc/fillformusecase.png  used on input line 146.
(pdftex.def)             Requested size: 430.00356pt x 257.8616pt.
 [9 <./UCD.png>]
<User_in_UCD.png, id=46, 605.26125pt x 415.5525pt>
File: User_in_UCD.png Graphic file (type png)
<use User_in_UCD.png>
Package pdftex.def Info: User_in_UCD.png  used on input line 148.
(pdftex.def)             Requested size: 423.67998pt x 290.88477pt.
 [10 <./uc/ffuc_diag.png> <./uc/fillformusecase.png>]
<Database_in_UCD.png, id=51, 620.3175pt x 454.69875pt>
File: Database_in_UCD.png Graphic file (type png)
<use Database_in_UCD.png>
Package pdftex.def Info: Database_in_UCD.png  used on input line 159.
(pdftex.def)             Requested size: 434.2193pt x 318.28694pt.

Underfull \hbox (badness 10000) in paragraph at lines 159--161

 []

[11 <./User_in_UCD.png>]
<Display_List_Use_Case.png, id=56, 347.2975pt x 99.37125pt>
File: Display_List_Use_Case.png Graphic file (type png)
<use Display_List_Use_Case.png>
Package pdftex.def Info: Display_List_Use_Case.png  used on input line 170.
(pdftex.def)             Requested size: 173.64832pt x 49.6855pt.
<uc/displaylistusecase.png, id=57, 612.2875pt x 240.9pt>
File: uc/displaylistusecase.png Graphic file (type png)
<use uc/displaylistusecase.png>
Package pdftex.def Info: uc/displaylistusecase.png  used on input line 172.
(pdftex.def)             Requested size: 428.59833pt x 168.62883pt.
<Download_List_Use_Case.png, id=58, 524.96124pt x 216.81pt>
File: Download_List_Use_Case.png Graphic file (type png)
<use Download_List_Use_Case.png>
Package pdftex.def Info: Download_List_Use_Case.png  used on input line 175.
(pdftex.def)             Requested size: 262.47998pt x 108.40472pt.
<uc/downloadlistusecase.png, id=59, 613.29124pt x 312.16624pt>
File: uc/downloadlistusecase.png Graphic file (type png)
<use uc/downloadlistusecase.png>
Package pdftex.def Info: uc/downloadlistusecase.png  used on input line 177.
(pdftex.def)             Requested size: 429.30093pt x 218.51488pt.
 [12 <./Database_in_UCD.png> <./Display_List_Use_Case.png> <./uc/displaylistuse
case.png>] [13 <./Download_List_Use_Case.png> <./uc/downloadlistusecase.png>]
<seq/fill_form.jpeg, id=70, 587.19376pt x 538.86319pt>
File: seq/fill_form.jpeg Graphic file (type jpg)
<use seq/fill_form.jpeg>
Package pdftex.def Info: seq/fill_form.jpeg  used on input line 181.
(pdftex.def)             Requested size: 411.03282pt x 377.20164pt.
<seq/download_list.jpg, id=71, 542.025pt x 451.6875pt>
File: seq/download_list.jpg Graphic file (type jpg)
<use seq/download_list.jpg>
Package pdftex.def Info: seq/download_list.jpg  used on input line 184.
(pdftex.def)             Requested size: 379.4149pt x 316.17908pt.
 [14 <./seq/fill_form.jpeg>]
<seq/display_list.jpg, id=75, 542.025pt x 290.43506pt>
File: seq/display_list.jpg Graphic file (type jpg)
<use seq/display_list.jpg>
Package pdftex.def Info: seq/display_list.jpg  used on input line 187.
(pdftex.def)             Requested size: 379.4149pt x 203.30315pt.
 [15 <./seq/download_list.jpg> <./seq/display_list.jpg>]
<main_interface.png, id=79, 597.23125pt x 860.21375pt>
File: main_interface.png Graphic file (type png)
<use main_interface.png>
Package pdftex.def Info: main_interface.png  used on input line 193.
(pdftex.def)             Requested size: 418.05902pt x 602.14551pt.
<print_format_select.png, id=80, 597.23125pt x 860.21375pt>
File: print_format_select.png Graphic file (type png)
<use print_format_select.png>
Package pdftex.def Info: print_format_select.png  used on input line 196.
(pdftex.def)             Requested size: 418.05902pt x 602.14551pt.
 [16 <./main_interface.png>]
<entry_form_interface.png, id=85, 597.23125pt x 860.21375pt>
File: entry_form_interface.png Graphic file (type png)
<use entry_form_interface.png>
Package pdftex.def Info: entry_form_interface.png  used on input line 199.
(pdftex.def)             Requested size: 418.05902pt x 602.14551pt.
 [17 <./print_format_select.png>] [18 <./entry_form_interface.png>] (./srs.aux)
 ) 
Here is how much of TeX's memory you used:
 5335 strings out of 492639
 76324 string characters out of 6135497
 157639 words of memory out of 5000000
 9107 multiletter control sequences out of 15000+600000
 10240 words of font info for 37 fonts, out of 8000000 for 9000
 1141 hyphenation exceptions out of 8191
 41i,7n,39p,951b,236s stack positions out of 5000i,500n,10000p,200000b,80000s
</usr/share/texmf-dist/fonts/type1/public/amsfonts/cm/cmbx12.pfb></usr/share/
texmf-dist/fonts/type1/public/amsfonts/cm/cmr12.pfb>
Output written on srs.pdf (18 pages, 549300 bytes).
PDF statistics:
 103 PDF objects out of 1000 (max. 8388607)
 48 compressed objects within 1 object stream
 0 named destinations out of 1000 (max. 500000)
 101 words of extra memory for PDF output out of 10000 (max. 10000000)

